Resolved 243 packages in 1ms
Uninstalled 29 packages in 1.33s
 - annotated-types==0.7.0
 - certifi==2025.8.3
 - charset-normalizer==3.4.3
 - gitdb==4.0.12
 - gitpython==3.1.45
 - idna==3.10
 - jax-cuda12-pjrt==0.7.2
 - jax-cuda12-plugin==0.7.2
 - nvidia-cublas-cu12==12.9.1.4
 - nvidia-cuda-cupti-cu12==12.9.79
 - nvidia-cuda-nvcc-cu12==12.9.86
 - nvidia-cuda-nvrtc-cu12==12.9.86
 - nvidia-cuda-runtime-cu12==12.9.79
 - nvidia-cudnn-cu12==9.13.1.26
 - nvidia-cufft-cu12==11.4.1.4
 - nvidia-cusolver-cu12==11.7.5.82
 - nvidia-cusparse-cu12==12.5.10.65
 - nvidia-nccl-cu12==2.28.3
 - nvidia-nvjitlink-cu12==12.9.86
 - nvidia-nvshmem-cu12==3.4.5
 - platformdirs==4.4.0
 - pydantic==2.11.9
 - pydantic-core==2.33.2
 - requests==2.32.5
 - sentry-sdk==2.39.0
 - smmap==5.0.2
 - typing-inspection==0.4.2
 - urllib3==2.5.0
 - wandb==0.22.1
   Updating https://github.com/google-deepmind/mujoco (main)
    Updated https://github.com/google-deepmind/mujoco (8eacacfd13a63407e901d8969f39ada7acaa3ac7)
Resolved 77 packages in 4.07s
   Building playground @ file:///mnt/fast/nobackup/users/lm01065/grad_decay/grad_playground
   Building mujoco-mjx @ git+https://github.com/google-deepmind/mujoco@8eacacfd13a63407e901d8969f39ada7acaa3ac7#subdirectory=mjx
      Built playground @ file:///mnt/fast/nobackup/users/lm01065/grad_decay/grad_playground
      Built mujoco-mjx @ git+https://github.com/google-deepmind/mujoco@8eacacfd13a63407e901d8969f39ada7acaa3ac7#subdirectory=mjx
Prepared 2 packages in 4.18s
Uninstalled 2 packages in 130ms
Installed 2 packages in 93ms
 - mujoco-mjx==3.3.7 (from git+https://github.com/google-deepmind/mujoco@32e08f9507c9bdc5a1a5411c6fa9f0346542b038#subdirectory=mjx)
 + mujoco-mjx==3.3.7 (from git+https://github.com/google-deepmind/mujoco@8eacacfd13a63407e901d8969f39ada7acaa3ac7#subdirectory=mjx)
 ~ playground==0.0.5 (from file:///mnt/fast/nobackup/users/lm01065/grad_decay/grad_playground)
warning: The package `playground @ file:///mnt/fast/nobackup/users/lm01065/grad_decay/grad_playground` does not have an extra named `cuda12`
Resolved 20 packages in 94ms
Installed 15 packages in 466ms
 + annotated-types==0.7.0
 + certifi==2025.8.3
 + charset-normalizer==3.4.3
 + gitdb==4.0.12
 + gitpython==3.1.45
 + idna==3.10
 + platformdirs==4.4.0
 + pydantic==2.11.9
 + pydantic-core==2.33.2
 + requests==2.32.5
 + sentry-sdk==2.39.0
 + smmap==5.0.2
 + typing-inspection==0.4.2
 + urllib3==2.5.0
 + wandb==0.22.1
Resolved 77 packages in 262ms
   Building playground @ file:///mnt/fast/nobackup/users/lm01065/grad_decay/grad_playground
      Built playground @ file:///mnt/fast/nobackup/users/lm01065/grad_decay/grad_playground
Prepared 1 package in 753ms
Uninstalled 1 package in 6ms
Installed 1 package in 11ms
 ~ playground==0.0.5 (from file:///mnt/fast/nobackup/users/lm01065/grad_decay/grad_playground)
Uninstalled 2 packages in 531ms
 - jax==0.7.2
 - jaxlib==0.7.2
Resolved 20 packages in 208ms
Installed 16 packages in 302ms
 + jax==0.7.2
 + jax-cuda12-pjrt==0.7.2
 + jax-cuda12-plugin==0.7.2
 + jaxlib==0.7.2
 + nvidia-cublas-cu12==12.9.1.4
 + nvidia-cuda-cupti-cu12==12.9.79
 + nvidia-cuda-nvcc-cu12==12.9.86
 + nvidia-cuda-nvrtc-cu12==12.9.86
 + nvidia-cuda-runtime-cu12==12.9.79
 + nvidia-cudnn-cu12==9.13.1.26
 + nvidia-cufft-cu12==11.4.1.4
 + nvidia-cusolver-cu12==11.7.5.82
 + nvidia-cusparse-cu12==12.5.10.65
 + nvidia-nccl-cu12==2.28.3
 + nvidia-nvjitlink-cu12==12.9.86
 + nvidia-nvshmem-cu12==3.4.5
Audited 1 package in 12ms
Resolved 77 packages in 170ms
   Building playground @ file:///mnt/fast/nobackup/users/lm01065/grad_decay/grad_playground
      Built playground @ file:///mnt/fast/nobackup/users/lm01065/grad_decay/grad_playground
Prepared 1 package in 721ms
Uninstalled 1 package in 16ms
Installed 1 package in 17ms
 ~ playground==0.0.5 (from file:///mnt/fast/nobackup/users/lm01065/grad_decay/grad_playground)
